Determining if the pthread_create exist failed with the following output:
Change Dir: /home/nguyenhongquan_eeit13/rit_ws/build/CMakeFiles/CMakeTmp

Run Build Command:/usr/bin/make "cmTryCompileExec2516657592/fast"
/usr/bin/make -f CMakeFiles/cmTryCompileExec2516657592.dir/build.make CMakeFiles/cmTryCompileExec2516657592.dir/build
make[1]: Entering directory `/home/nguyenhongquan_eeit13/rit_ws/build/CMakeFiles/CMakeTmp'
/usr/bin/cmake -E cmake_progress_report /home/nguyenhongquan_eeit13/rit_ws/build/CMakeFiles/CMakeTmp/CMakeFiles 1
Building C object CMakeFiles/cmTryCompileExec2516657592.dir/CheckSymbolExists.c.o
/usr/bin/cc    -o CMakeFiles/cmTryCompileExec2516657592.dir/CheckSymbolExists.c.o   -c /home/nguyenhongquan_eeit13/rit_ws/build/CMakeFiles/CMakeTmp/CheckSymbolExists.c
Linking C executable cmTryCompileExec2516657592
/usr/bin/cmake -E cmake_link_script CMakeFiles/cmTryCompileExec2516657592.dir/link.txt --verbose=1
/usr/bin/cc       CMakeFiles/cmTryCompileExec2516657592.dir/CheckSymbolExists.c.o  -o cmTryCompileExec2516657592 -rdynamic 
CMakeFiles/cmTryCompileExec2516657592.dir/CheckSymbolExists.c.o: In function `main':
CheckSymbolExists.c:(.text+0x16): undefined reference to `pthread_create'
collect2: error: ld returned 1 exit status
make[1]: Leaving directory `/home/nguyenhongquan_eeit13/rit_ws/build/CMakeFiles/CMakeTmp'
make[1]: *** [cmTryCompileExec2516657592] Error 1
make: *** [cmTryCompileExec2516657592/fast] Error 2

File /home/nguyenhongquan_eeit13/rit_ws/build/CMakeFiles/CMakeTmp/CheckSymbolExists.c:
/* */
#include <pthread.h>

int main(int argc, char** argv)
{
  (void)argv;
#ifndef pthread_create
  return ((int*)(&pthread_create))[argc];
#else
  (void)argc;
  return 0;
#endif
}

Determining if the function pthread_create exists in the pthreads failed with the following output:
Change Dir: /home/nguyenhongquan_eeit13/rit_ws/build/CMakeFiles/CMakeTmp

Run Build Command:/usr/bin/make "cmTryCompileExec576597181/fast"
/usr/bin/make -f CMakeFiles/cmTryCompileExec576597181.dir/build.make CMakeFiles/cmTryCompileExec576597181.dir/build
make[1]: Entering directory `/home/nguyenhongquan_eeit13/rit_ws/build/CMakeFiles/CMakeTmp'
/usr/bin/cmake -E cmake_progress_report /home/nguyenhongquan_eeit13/rit_ws/build/CMakeFiles/CMakeTmp/CMakeFiles 1
Building C object CMakeFiles/cmTryCompileExec576597181.dir/CheckFunctionExists.c.o
/usr/bin/cc   -DCHECK_FUNCTION_EXISTS=pthread_create   -o CMakeFiles/cmTryCompileExec576597181.dir/CheckFunctionExists.c.o   -c /usr/share/cmake-2.8/Modules/CheckFunctionExists.c
Linking C executable cmTryCompileExec576597181
/usr/bin/cmake -E cmake_link_script CMakeFiles/cmTryCompileExec576597181.dir/link.txt --verbose=1
/usr/bin/cc   -DCHECK_FUNCTION_EXISTS=pthread_create    CMakeFiles/cmTryCompileExec576597181.dir/CheckFunctionExists.c.o  -o cmTryCompileExec576597181 -rdynamic -lpthreads 
/usr/bin/ld: cannot find -lpthreads
collect2: error: ld returned 1 exit status
make[1]: Leaving directory `/home/nguyenhongquan_eeit13/rit_ws/build/CMakeFiles/CMakeTmp'
make[1]: *** [cmTryCompileExec576597181] Error 1
make: *** [cmTryCompileExec576597181/fast] Error 2


